<?xml version="1.0" encoding="UTF-8"?>
<testsuite name="AppTest" tests="4" skipped="0" failures="0" errors="0" timestamp="2016-02-11T21:05:42" hostname="epicodus-50.local" time="0.395">
  <properties/>
  <testcase name="submitTest" classname="AppTest" time="0.373"/>
  <testcase name="rootTest" classname="AppTest" time="0.009"/>
  <testcase name="checkAllergies_catAllergies_returnCatAllergies" classname="AppTest" time="0.001"/>
  <testcase name="checkAllergies_allAllergies_returnallAllergies" classname="AppTest" time="0.001"/>
  <system-out><![CDATA[]]></system-out>
  <system-err><![CDATA[[Thread-4] INFO spark.webserver.SparkServer - == Spark has ignited ...
[Thread-4] INFO spark.webserver.SparkServer - >> Listening on 0.0.0.0:4567
[Thread-4] INFO org.eclipse.jetty.server.Server - jetty-9.0.2.v20130417
[Thread-4] INFO org.eclipse.jetty.server.ServerConnector - Started ServerConnector@1977047e{HTTP/1.1}{0.0.0.0:4567}
Feb 11, 2016 1:05:42 PM com.gargoylesoftware.htmlunit.html.InputElementFactory createElementNS
INFO: Bad input type: "number", creating a text input
Feb 11, 2016 1:05:42 PM com.gargoylesoftware.htmlunit.html.InputElementFactory createElementNS
INFO: Bad input type: "number", creating a text input
Feb 11, 2016 1:05:42 PM com.gargoylesoftware.htmlunit.html.InputElementFactory createElementNS
INFO: Bad input type: "number", creating a text input
[Test worker] INFO spark.webserver.SparkServer - >>> Spark shutting down ...
[Test worker] INFO org.eclipse.jetty.server.Server - Graceful shutdown org.eclipse.jetty.server.Server@6af061fe by 
[Test worker] INFO org.eclipse.jetty.server.ServerConnector - Stopped ServerConnector@1977047e{HTTP/1.1}{0.0.0.0:4567}
[Test worker] INFO spark.webserver.SparkServer - done
]]></system-err>
</testsuite>
